{
  "stats": {
    "suites": 1,
    "tests": 1,
    "passes": 1,
    "pending": 0,
    "failures": 0,
    "start": "2023-05-02T11:45:02.553Z",
    "end": "2023-05-02T11:45:04.493Z",
    "duration": 1940,
    "testsRegistered": 1,
    "passPercent": 100,
    "pendingPercent": 0,
    "other": 0,
    "hasOther": false,
    "skipped": 0,
    "hasSkipped": false
  },
  "results": [
    {
      "uuid": "b4d1ea61-6b68-4390-905d-e8ec82b01d66",
      "title": "",
      "fullFile": "cypress/e2e/demo.cy.ts",
      "file": "cypress/e2e/demo.cy.ts",
      "beforeHooks": [],
      "afterHooks": [],
      "tests": [],
      "suites": [
        {
          "uuid": "73fe6096-0acc-439b-9e53-a0f13e9e338e",
          "title": "Demo Test",
          "fullFile": "",
          "file": "",
          "beforeHooks": [],
          "afterHooks": [],
          "tests": [
            {
              "title": "Should visit a website",
              "fullTitle": "Demo Test Should visit a website",
              "timedOut": null,
              "duration": 240,
              "state": "passed",
              "speed": "fast",
              "pass": true,
              "fail": false,
              "pending": false,
              "context": null,
              "code": "cy.visit('http://example.com/');",
              "err": {},
              "uuid": "630385c0-f7dc-4cd1-92d5-c9ba3a956774",
              "parentUUID": "73fe6096-0acc-439b-9e53-a0f13e9e338e",
              "isHook": false,
              "skipped": false
            }
          ],
          "suites": [],
          "passes": [
            "630385c0-f7dc-4cd1-92d5-c9ba3a956774"
          ],
          "failures": [],
          "pending": [],
          "skipped": [],
          "duration": 240,
          "root": false,
          "rootEmpty": false,
          "_timeout": 2000
        }
      ],
      "passes": [],
      "failures": [],
      "pending": [],
      "skipped": [],
      "duration": 0,
      "root": true,
      "rootEmpty": true,
      "_timeout": 2000
    }
  ],
  "meta": {
    "mocha": {
      "version": "7.0.1"
    },
    "mochawesome": {
      "options": {
        "quiet": false,
        "reportFilename": "mochawesome",
        "saveHtml": true,
        "saveJson": true,
        "consoleReporter": "spec",
        "useInlineDiffs": false,
        "code": true
      },
      "version": "7.1.3"
    },
    "marge": {
      "options": null,
      "version": "6.2.0"
    }
  }
}